# JRE version: OpenJDK Runtime Environment (8.0_212-b03) (build 1.8.0_212-8u212-b03-0ubuntu1.19.04.2-b03)
# Java VM: OpenJDK 64-Bit Server VM (25.212-b03 mixed mode linux-amd64 compressed oops)
Heap:
 PSYoungGen      total 435200K, used 22024K [0x00000000e0000000, 0x0000000100000000, 0x0000000100000000)
  eden space 396288K, 0% used [0x00000000e0000000,0x00000000e0000000,0x00000000f8300000)
  from space 38912K, 56% used [0x00000000fda00000,0x00000000fef82028,0x0000000100000000)
  to   space 64000K, 0% used [0x00000000f8300000,0x00000000f8300000,0x00000000fc180000)
 ParOldGen       total 197632K, used 197354K [0x00000000a0000000, 0x00000000ac100000, 0x00000000e0000000)
  object space 197632K, 99% used [0x00000000a0000000,0x00000000ac0ba918,0x00000000ac100000)
 Metaspace       used 109358K, capacity 126419K, committed 126592K, reserved 1161216K
  class space    used 14516K, capacity 15425K, committed 15488K, reserved 1048576K
GC Heap History (10 events):
Event: 30.999 GC heap after
Heap after GC invocations=28 (full 6):
 PSYoungGen      total 480256K, used 10384K [0x00000000e0000000, 0x00000000ffc00000, 0x0000000100000000)
  eden space 445440K, 0% used [0x00000000e0000000,0x00000000e0000000,0x00000000fb300000)
  from space 34816K, 29% used [0x00000000fda00000,0x00000000fe4240a0,0x00000000ffc00000)
  to   space 37376K, 0% used [0x00000000fb300000,0x00000000fb300000,0x00000000fd780000)
 ParOldGen       total 189952K, used 144117K [0x00000000a0000000, 0x00000000ab980000, 0x00000000e0000000)
  object space 189952K, 75% used [0x00000000a0000000,0x00000000a8cbd668,0x00000000ab980000)
 Metaspace       used 107882K, capacity 124533K, committed 124672K, reserved 1159168K
  class space    used 14356K, capacity 15240K, committed 15360K, reserved 1048576K
}
Event: 35.043 GC heap before
{Heap before GC invocations=29 (full 6):
 PSYoungGen      total 480256K, used 455824K [0x00000000e0000000, 0x00000000ffc00000, 0x0000000100000000)
  eden space 445440K, 100% used [0x00000000e0000000,0x00000000fb300000,0x00000000fb300000)
  from space 34816K, 29% used [0x00000000fda00000,0x00000000fe4240a0,0x00000000ffc00000)
  to   space 37376K, 0% used [0x00000000fb300000,0x00000000fb300000,0x00000000fd780000)
 ParOldGen       total 189952K, used 144117K [0x00000000a0000000, 0x00000000ab980000, 0x00000000e0000000)
  object space 189952K, 75% used [0x00000000a0000000,0x00000000a8cbd668,0x00000000ab980000)
 Metaspace       used 108274K, capacity 125051K, committed 125184K, reserved 1159168K
  class space    used 14384K, capacity 15264K, committed 15360K, reserved 1048576K
Event: 35.066 GC heap after
Heap after GC invocations=29 (full 6):
 PSYoungGen      total 482816K, used 13553K [0x00000000e0000000, 0x00000000fff80000, 0x0000000100000000)
  eden space 445440K, 0% used [0x00000000e0000000,0x00000000e0000000,0x00000000fb300000)
  from space 37376K, 36% used [0x00000000fb300000,0x00000000fc03c4c0,0x00000000fd780000)
  to   space 35840K, 0% used [0x00000000fdc80000,0x00000000fdc80000,0x00000000fff80000)
 ParOldGen       total 189952K, used 144125K [0x00000000a0000000, 0x00000000ab980000, 0x00000000e0000000)
  object space 189952K, 75% used [0x00000000a0000000,0x00000000a8cbf668,0x00000000ab980000)
 Metaspace       used 108274K, capacity 125051K, committed 125184K, reserved 1159168K
  class space    used 14384K, capacity 15264K, committed 15360K, reserved 1048576K
}
Event: 36.751 GC heap before
{Heap before GC invocations=30 (full 6):
 PSYoungGen      total 482816K, used 458993K [0x00000000e0000000, 0x00000000fff80000, 0x0000000100000000)
  eden space 445440K, 100% used [0x00000000e0000000,0x00000000fb300000,0x00000000fb300000)
  from space 37376K, 36% used [0x00000000fb300000,0x00000000fc03c4c0,0x00000000fd780000)
  to   space 35840K, 0% used [0x00000000fdc80000,0x00000000fdc80000,0x00000000fff80000)
 ParOldGen       total 189952K, used 144125K [0x00000000a0000000, 0x00000000ab980000, 0x00000000e0000000)
  object space 189952K, 75% used [0x00000000a0000000,0x00000000a8cbf668,0x00000000ab980000)
 Metaspace       used 108389K, capacity 125179K, committed 125440K, reserved 1159168K
  class space    used 14384K, capacity 15264K, committed 15360K, reserved 1048576K
Event: 36.784 GC heap after
Heap after GC invocations=30 (full 6):
 PSYoungGen      total 482816K, used 16433K [0x00000000e0000000, 0x00000000ffb80000, 0x0000000100000000)
  eden space 451072K, 0% used [0x00000000e0000000,0x00000000e0000000,0x00000000fb880000)
  from space 31744K, 51% used [0x00000000fdc80000,0x00000000fec8c6e0,0x00000000ffb80000)
  to   space 34304K, 0% used [0x00000000fb880000,0x00000000fb880000,0x00000000fda00000)
 ParOldGen       total 189952K, used 144133K [0x00000000a0000000, 0x00000000ab980000, 0x00000000e0000000)
  object space 189952K, 75% used [0x00000000a0000000,0x00000000a8cc1668,0x00000000ab980000)
 Metaspace       used 108389K, capacity 125179K, committed 125440K, reserved 1159168K
  class space    used 14384K, capacity 15264K, committed 15360K, reserved 1048576K
}
Event: 39.514 GC heap before
{Heap before GC invocations=31 (full 6):
 PSYoungGen      total 482816K, used 467505K [0x00000000e0000000, 0x00000000ffb80000, 0x0000000100000000)
  eden space 451072K, 100% used [0x00000000e0000000,0x00000000fb880000,0x00000000fb880000)
  from space 31744K, 51% used [0x00000000fdc80000,0x00000000fec8c6e0,0x00000000ffb80000)
  to   space 34304K, 0% used [0x00000000fb880000,0x00000000fb880000,0x00000000fda00000)
 ParOldGen       total 189952K, used 144133K [0x00000000a0000000, 0x00000000ab980000, 0x00000000e0000000)
  object space 189952K, 75% used [0x00000000a0000000,0x00000000a8cc1668,0x00000000ab980000)
 Metaspace       used 109039K, capacity 125941K, committed 125952K, reserved 1159168K
  class space    used 14472K, capacity 15358K, committed 15360K, reserved 1048576K
Event: 39.561 GC heap after
Heap after GC invocations=31 (full 6):
 PSYoungGen      total 485376K, used 34294K [0x00000000e0000000, 0x0000000100000000, 0x0000000100000000)
  eden space 451072K, 0% used [0x00000000e0000000,0x00000000e0000000,0x00000000fb880000)
  from space 34304K, 99% used [0x00000000fb880000,0x00000000fd9fd868,0x00000000fda00000)
  to   space 38912K, 0% used [0x00000000fda00000,0x00000000fda00000,0x0000000100000000)
 ParOldGen       total 189952K, used 156478K [0x00000000a0000000, 0x00000000ab980000, 0x00000000e0000000)
  object space 189952K, 82% used [0x00000000a0000000,0x00000000a98cfb88,0x00000000ab980000)
 Metaspace       used 109039K, capacity 125941K, committed 125952K, reserved 1159168K
  class space    used 14472K, capacity 15358K, committed 15360K, reserved 1048576K
}
Event: 40.598 GC heap before
{Heap before GC invocations=32 (full 6):
 PSYoungGen      total 485376K, used 485366K [0x00000000e0000000, 0x0000000100000000, 0x0000000100000000)
  eden space 451072K, 100% used [0x00000000e0000000,0x00000000fb880000,0x00000000fb880000)
  from space 34304K, 99% used [0x00000000fb880000,0x00000000fd9fd868,0x00000000fda00000)
  to   space 38912K, 0% used [0x00000000fda00000,0x00000000fda00000,0x0000000100000000)
 ParOldGen       total 189952K, used 156478K [0x00000000a0000000, 0x00000000ab980000, 0x00000000e0000000)
  object space 189952K, 82% used [0x00000000a0000000,0x00000000a98cfb88,0x00000000ab980000)
 Metaspace       used 109376K, capacity 126455K, committed 126592K, reserved 1161216K
  class space    used 14521K, capacity 15431K, committed 15488K, reserved 1048576K
Event: 40.674 GC heap after
Heap after GC invocations=32 (full 6):
 PSYoungGen      total 435200K, used 38881K [0x00000000e0000000, 0x0000000100000000, 0x0000000100000000)
  eden space 396288K, 0% used [0x00000000e0000000,0x00000000e0000000,0x00000000f8300000)
  from space 38912K, 99% used [0x00000000fda00000,0x00000000ffff8538,0x0000000100000000)
  to   space 64000K, 0% used [0x00000000f8300000,0x00000000f8300000,0x00000000fc180000)
 ParOldGen       total 197632K, used 197164K [0x00000000a0000000, 0x00000000ac100000, 0x00000000e0000000)
  object space 197632K, 99% used [0x00000000a0000000,0x00000000ac08b048,0x00000000ac100000)
 Metaspace       used 109376K, capacity 126455K, committed 126592K, reserved 1161216K
  class space    used 14521K, capacity 15431K, committed 15488K, reserved 1048576K
}
Event: 40.675 GC heap before
{Heap before GC invocations=33 (full 7):
 PSYoungGen      total 435200K, used 38881K [0x00000000e0000000, 0x0000000100000000, 0x0000000100000000)
  eden space 396288K, 0% used [0x00000000e0000000,0x00000000e0000000,0x00000000f8300000)
  from space 38912K, 99% used [0x00000000fda00000,0x00000000ffff8538,0x0000000100000000)
  to   space 64000K, 0% used [0x00000000f8300000,0x00000000f8300000,0x00000000fc180000)
 ParOldGen       total 197632K, used 197164K [0x00000000a0000000, 0x00000000ac100000, 0x00000000e0000000)
  object space 197632K, 99% used [0x00000000a0000000,0x00000000ac08b048,0x00000000ac100000)
 Metaspace       used 109376K, capacity 126455K, committed 126592K, reserved 1161216K
  class space    used 14521K, capacity 15431K, committed 15488K, reserved 1048576K

