# JRE version: OpenJDK Runtime Environment (8.0_212-b03) (build 1.8.0_212-8u212-b03-0ubuntu1.19.04.2-b03)
# Java VM: OpenJDK 64-Bit Server VM (25.212-b03 mixed mode linux-amd64 compressed oops)
Heap:
 PSYoungGen      total 349696K, used 0K [0x00000000e0000000, 0x0000000100000000, 0x0000000100000000)
  eden space 175104K, 0% used [0x00000000e0000000,0x00000000e0000000,0x00000000eab00000)
  from space 174592K, 0% used [0x00000000f5580000,0x00000000f5580000,0x0000000100000000)
  to   space 174592K, 0% used [0x00000000eab00000,0x00000000eab00000,0x00000000f5580000)
 ParOldGen       total 637952K, used 573753K [0x00000000a0000000, 0x00000000c6f00000, 0x00000000e0000000)
  object space 637952K, 89% used [0x00000000a0000000,0x00000000c304e710,0x00000000c6f00000)
 Metaspace       used 165496K, capacity 189865K, committed 193920K, reserved 1220608K
  class space    used 21348K, capacity 22616K, committed 22912K, reserved 1048576K
GC Heap History (10 events):
Event: 119.033 GC heap after
Heap after GC invocations=52 (full 8):
 PSYoungGen      total 349696K, used 32672K [0x00000000e0000000, 0x0000000100000000, 0x0000000100000000)
  eden space 175104K, 0% used [0x00000000e0000000,0x00000000e0000000,0x00000000eab00000)
  from space 174592K, 18% used [0x00000000f5580000,0x00000000f7568000,0x0000000100000000)
  to   space 174592K, 0% used [0x00000000eab00000,0x00000000eab00000,0x00000000f5580000)
 ParOldGen       total 637952K, used 499478K [0x00000000a0000000, 0x00000000c6f00000, 0x00000000e0000000)
  object space 637952K, 78% used [0x00000000a0000000,0x00000000be7c58a8,0x00000000c6f00000)
 Metaspace       used 163644K, capacity 187609K, committed 193920K, reserved 1220608K
  class space    used 21093K, capacity 22313K, committed 22912K, reserved 1048576K
}
Event: 119.434 GC heap before
{Heap before GC invocations=53 (full 8):
 PSYoungGen      total 349696K, used 207776K [0x00000000e0000000, 0x0000000100000000, 0x0000000100000000)
  eden space 175104K, 100% used [0x00000000e0000000,0x00000000eab00000,0x00000000eab00000)
  from space 174592K, 18% used [0x00000000f5580000,0x00000000f7568000,0x0000000100000000)
  to   space 174592K, 0% used [0x00000000eab00000,0x00000000eab00000,0x00000000f5580000)
 ParOldGen       total 637952K, used 499478K [0x00000000a0000000, 0x00000000c6f00000, 0x00000000e0000000)
  object space 637952K, 78% used [0x00000000a0000000,0x00000000be7c58a8,0x00000000c6f00000)
 Metaspace       used 163677K, capacity 187645K, committed 193920K, reserved 1220608K
  class space    used 21098K, capacity 22319K, committed 22912K, reserved 1048576K
Event: 119.494 GC heap after
Heap after GC invocations=53 (full 8):
 PSYoungGen      total 349696K, used 26528K [0x00000000e0000000, 0x0000000100000000, 0x0000000100000000)
  eden space 175104K, 0% used [0x00000000e0000000,0x00000000e0000000,0x00000000eab00000)
  from space 174592K, 15% used [0x00000000eab00000,0x00000000ec4e8000,0x00000000f5580000)
  to   space 174592K, 0% used [0x00000000f5580000,0x00000000f5580000,0x0000000100000000)
 ParOldGen       total 637952K, used 512550K [0x00000000a0000000, 0x00000000c6f00000, 0x00000000e0000000)
  object space 637952K, 80% used [0x00000000a0000000,0x00000000bf4898a8,0x00000000c6f00000)
 Metaspace       used 163677K, capacity 187645K, committed 193920K, reserved 1220608K
  class space    used 21098K, capacity 22319K, committed 22912K, reserved 1048576K
}
Event: 119.803 GC heap before
{Heap before GC invocations=54 (full 8):
 PSYoungGen      total 349696K, used 201632K [0x00000000e0000000, 0x0000000100000000, 0x0000000100000000)
  eden space 175104K, 100% used [0x00000000e0000000,0x00000000eab00000,0x00000000eab00000)
  from space 174592K, 15% used [0x00000000eab00000,0x00000000ec4e8000,0x00000000f5580000)
  to   space 174592K, 0% used [0x00000000f5580000,0x00000000f5580000,0x0000000100000000)
 ParOldGen       total 637952K, used 512550K [0x00000000a0000000, 0x00000000c6f00000, 0x00000000e0000000)
  object space 637952K, 80% used [0x00000000a0000000,0x00000000bf4898a8,0x00000000c6f00000)
 Metaspace       used 163682K, capacity 187645K, committed 193920K, reserved 1220608K
  class space    used 21098K, capacity 22319K, committed 22912K, reserved 1048576K
Event: 119.856 GC heap after
Heap after GC invocations=54 (full 8):
 PSYoungGen      total 349696K, used 17664K [0x00000000e0000000, 0x0000000100000000, 0x0000000100000000)
  eden space 175104K, 0% used [0x00000000e0000000,0x00000000e0000000,0x00000000eab00000)
  from space 174592K, 10% used [0x00000000f5580000,0x00000000f66c0000,0x0000000100000000)
  to   space 174592K, 0% used [0x00000000eab00000,0x00000000eab00000,0x00000000f5580000)
 ParOldGen       total 637952K, used 526254K [0x00000000a0000000, 0x00000000c6f00000, 0x00000000e0000000)
  object space 637952K, 82% used [0x00000000a0000000,0x00000000c01eb8a8,0x00000000c6f00000)
 Metaspace       used 163682K, capacity 187645K, committed 193920K, reserved 1220608K
  class space    used 21098K, capacity 22319K, committed 22912K, reserved 1048576K
}
Event: 121.776 GC heap before
{Heap before GC invocations=55 (full 8):
 PSYoungGen      total 349696K, used 192768K [0x00000000e0000000, 0x0000000100000000, 0x0000000100000000)
  eden space 175104K, 100% used [0x00000000e0000000,0x00000000eab00000,0x00000000eab00000)
  from space 174592K, 10% used [0x00000000f5580000,0x00000000f66c0000,0x0000000100000000)
  to   space 174592K, 0% used [0x00000000eab00000,0x00000000eab00000,0x00000000f5580000)
 ParOldGen       total 637952K, used 526254K [0x00000000a0000000, 0x00000000c6f00000, 0x00000000e0000000)
  object space 637952K, 82% used [0x00000000a0000000,0x00000000c01eb8a8,0x00000000c6f00000)
 Metaspace       used 165376K, capacity 189819K, committed 193920K, reserved 1220608K
  class space    used 21351K, capacity 22619K, committed 22912K, reserved 1048576K
Event: 121.938 GC heap after
Heap after GC invocations=55 (full 8):
 PSYoungGen      total 349696K, used 29241K [0x00000000e0000000, 0x0000000100000000, 0x0000000100000000)
  eden space 175104K, 0% used [0x00000000e0000000,0x00000000e0000000,0x00000000eab00000)
  from space 174592K, 16% used [0x00000000eab00000,0x00000000ec78e670,0x00000000f5580000)
  to   space 174592K, 0% used [0x00000000f5580000,0x00000000f5580000,0x0000000100000000)
 ParOldGen       total 637952K, used 537302K [0x00000000a0000000, 0x00000000c6f00000, 0x00000000e0000000)
  object space 637952K, 84% used [0x00000000a0000000,0x00000000c0cb58a8,0x00000000c6f00000)
 Metaspace       used 165376K, capacity 189819K, committed 193920K, reserved 1220608K
  class space    used 21351K, capacity 22619K, committed 22912K, reserved 1048576K
}
Event: 122.902 GC heap before
{Heap before GC invocations=56 (full 8):
 PSYoungGen      total 349696K, used 204345K [0x00000000e0000000, 0x0000000100000000, 0x0000000100000000)
  eden space 175104K, 100% used [0x00000000e0000000,0x00000000eab00000,0x00000000eab00000)
  from space 174592K, 16% used [0x00000000eab00000,0x00000000ec78e670,0x00000000f5580000)
  to   space 174592K, 0% used [0x00000000f5580000,0x00000000f5580000,0x0000000100000000)
 ParOldGen       total 637952K, used 537302K [0x00000000a0000000, 0x00000000c6f00000, 0x00000000e0000000)
  object space 637952K, 84% used [0x00000000a0000000,0x00000000c0cb58a8,0x00000000c6f00000)
 Metaspace       used 165526K, capacity 189927K, committed 193920K, reserved 1220608K
  class space    used 21358K, capacity 22628K, committed 22912K, reserved 1048576K
Event: 123.352 GC heap after
Heap after GC invocations=56 (full 8):
 PSYoungGen      total 349696K, used 51360K [0x00000000e0000000, 0x0000000100000000, 0x0000000100000000)
  eden space 175104K, 0% used [0x00000000e0000000,0x00000000e0000000,0x00000000eab00000)
  from space 174592K, 29% used [0x00000000f5580000,0x00000000f87a8000,0x0000000100000000)
  to   space 174592K, 0% used [0x00000000eab00000,0x00000000eab00000,0x00000000f5580000)
 ParOldGen       total 637952K, used 566248K [0x00000000a0000000, 0x00000000c6f00000, 0x00000000e0000000)
  object space 637952K, 88% used [0x00000000a0000000,0x00000000c28fa0c8,0x00000000c6f00000)
 Metaspace       used 165526K, capacity 189927K, committed 193920K, reserved 1220608K
  class space    used 21358K, capacity 22628K, committed 22912K, reserved 1048576K
}
Event: 123.352 GC heap before
{Heap before GC invocations=57 (full 9):
 PSYoungGen      total 349696K, used 51360K [0x00000000e0000000, 0x0000000100000000, 0x0000000100000000)
  eden space 175104K, 0% used [0x00000000e0000000,0x00000000e0000000,0x00000000eab00000)
  from space 174592K, 29% used [0x00000000f5580000,0x00000000f87a8000,0x0000000100000000)
  to   space 174592K, 0% used [0x00000000eab00000,0x00000000eab00000,0x00000000f5580000)
 ParOldGen       total 637952K, used 566248K [0x00000000a0000000, 0x00000000c6f00000, 0x00000000e0000000)
  object space 637952K, 88% used [0x00000000a0000000,0x00000000c28fa0c8,0x00000000c6f00000)
 Metaspace       used 165526K, capacity 189927K, committed 193920K, reserved 1220608K
  class space    used 21358K, capacity 22628K, committed 22912K, reserved 1048576K

