# JRE version: OpenJDK Runtime Environment (8.0_212-b03) (build 1.8.0_212-8u212-b03-0ubuntu1.19.04.2-b03)
# Java VM: OpenJDK 64-Bit Server VM (25.212-b03 mixed mode linux-amd64 compressed oops)
Heap:
 PSYoungGen      total 377344K, used 0K [0x00000000e0000000, 0x0000000100000000, 0x0000000100000000)
  eden space 230400K, 0% used [0x00000000e0000000,0x00000000e0000000,0x00000000ee100000)
  from space 146944K, 0% used [0x00000000ee100000,0x00000000ee100000,0x00000000f7080000)
  to   space 140288K, 0% used [0x00000000f7700000,0x00000000f7700000,0x0000000100000000)
 ParOldGen       total 571904K, used 473974K [0x00000000a0000000, 0x00000000c2e80000, 0x00000000e0000000)
  object space 571904K, 82% used [0x00000000a0000000,0x00000000bceddab8,0x00000000c2e80000)
 Metaspace       used 115259K, capacity 133513K, committed 133760K, reserved 1167360K
  class space    used 15192K, capacity 16201K, committed 16256K, reserved 1048576K
GC Heap History (10 events):
Event: 38.863 GC heap after
Heap after GC invocations=40 (full 6):
 PSYoungGen      total 463360K, used 42464K [0x00000000e0000000, 0x0000000100000000, 0x0000000100000000)
  eden space 420864K, 0% used [0x00000000e0000000,0x00000000e0000000,0x00000000f9b00000)
  from space 42496K, 99% used [0x00000000fd400000,0x00000000ffd78248,0x00000000ffd80000)
  to   space 51712K, 0% used [0x00000000f9b00000,0x00000000f9b00000,0x00000000fcd80000)
 ParOldGen       total 278016K, used 190199K [0x00000000a0000000, 0x00000000b0f80000, 0x00000000e0000000)
  object space 278016K, 68% used [0x00000000a0000000,0x00000000ab9bde78,0x00000000b0f80000)
 Metaspace       used 109828K, capacity 126973K, committed 127232K, reserved 1161216K
  class space    used 14548K, capacity 15489K, committed 15616K, reserved 1048576K
}
Event: 39.928 GC heap before
{Heap before GC invocations=41 (full 6):
 PSYoungGen      total 463360K, used 463328K [0x00000000e0000000, 0x0000000100000000, 0x0000000100000000)
  eden space 420864K, 100% used [0x00000000e0000000,0x00000000f9b00000,0x00000000f9b00000)
  from space 42496K, 99% used [0x00000000fd400000,0x00000000ffd78248,0x00000000ffd80000)
  to   space 51712K, 0% used [0x00000000f9b00000,0x00000000f9b00000,0x00000000fcd80000)
 ParOldGen       total 278016K, used 190199K [0x00000000a0000000, 0x00000000b0f80000, 0x00000000e0000000)
  object space 278016K, 68% used [0x00000000a0000000,0x00000000ab9bde78,0x00000000b0f80000)
 Metaspace       used 109829K, capacity 126973K, committed 127232K, reserved 1161216K
  class space    used 14548K, capacity 15489K, committed 15616K, reserved 1048576K
Event: 40.077 GC heap after
Heap after GC invocations=41 (full 6):
 PSYoungGen      total 472576K, used 51710K [0x00000000e0000000, 0x0000000100000000, 0x0000000100000000)
  eden space 420864K, 0% used [0x00000000e0000000,0x00000000e0000000,0x00000000f9b00000)
  from space 51712K, 99% used [0x00000000f9b00000,0x00000000fcd7fb70,0x00000000fcd80000)
  to   space 51712K, 0% used [0x00000000fcd80000,0x00000000fcd80000,0x0000000100000000)
 ParOldGen       total 325632K, used 325512K [0x00000000a0000000, 0x00000000b3e00000, 0x00000000e0000000)
  object space 325632K, 99% used [0x00000000a0000000,0x00000000b3de23f0,0x00000000b3e00000)
 Metaspace       used 109829K, capacity 126973K, committed 127232K, reserved 1161216K
  class space    used 14548K, capacity 15489K, committed 15616K, reserved 1048576K
}
Event: 40.077 GC heap before
{Heap before GC invocations=42 (full 7):
 PSYoungGen      total 472576K, used 51710K [0x00000000e0000000, 0x0000000100000000, 0x0000000100000000)
  eden space 420864K, 0% used [0x00000000e0000000,0x00000000e0000000,0x00000000f9b00000)
  from space 51712K, 99% used [0x00000000f9b00000,0x00000000fcd7fb70,0x00000000fcd80000)
  to   space 51712K, 0% used [0x00000000fcd80000,0x00000000fcd80000,0x0000000100000000)
 ParOldGen       total 325632K, used 325512K [0x00000000a0000000, 0x00000000b3e00000, 0x00000000e0000000)
  object space 325632K, 99% used [0x00000000a0000000,0x00000000b3de23f0,0x00000000b3e00000)
 Metaspace       used 109829K, capacity 126973K, committed 127232K, reserved 1161216K
  class space    used 14548K, capacity 15489K, committed 15616K, reserved 1048576K
Event: 40.824 GC heap after
Heap after GC invocations=42 (full 7):
 PSYoungGen      total 472576K, used 12549K [0x00000000e0000000, 0x0000000100000000, 0x0000000100000000)
  eden space 420864K, 0% used [0x00000000e0000000,0x00000000e0000000,0x00000000f9b00000)
  from space 51712K, 24% used [0x00000000f9b00000,0x00000000fa741698,0x00000000fcd80000)
  to   space 51712K, 0% used [0x00000000fcd80000,0x00000000fcd80000,0x0000000100000000)
 ParOldGen       total 571904K, used 325604K [0x00000000a0000000, 0x00000000c2e80000, 0x00000000e0000000)
  object space 571904K, 56% used [0x00000000a0000000,0x00000000b3df93a0,0x00000000c2e80000)
 Metaspace       used 109770K, capacity 126847K, committed 127232K, reserved 1161216K
  class space    used 14529K, capacity 15467K, committed 15616K, reserved 1048576K
}
Event: 42.044 GC heap before
{Heap before GC invocations=43 (full 7):
 PSYoungGen      total 472576K, used 433413K [0x00000000e0000000, 0x0000000100000000, 0x0000000100000000)
  eden space 420864K, 100% used [0x00000000e0000000,0x00000000f9b00000,0x00000000f9b00000)
  from space 51712K, 24% used [0x00000000f9b00000,0x00000000fa741698,0x00000000fcd80000)
  to   space 51712K, 0% used [0x00000000fcd80000,0x00000000fcd80000,0x0000000100000000)
 ParOldGen       total 571904K, used 325604K [0x00000000a0000000, 0x00000000c2e80000, 0x00000000e0000000)
  object space 571904K, 56% used [0x00000000a0000000,0x00000000b3df93a0,0x00000000c2e80000)
 Metaspace       used 112172K, capacity 129591K, committed 129792K, reserved 1163264K
  class space    used 14799K, capacity 15759K, committed 15872K, reserved 1048576K
Event: 42.235 GC heap after
Heap after GC invocations=43 (full 7):
 PSYoungGen      total 282112K, used 51688K [0x00000000e0000000, 0x0000000100000000, 0x0000000100000000)
  eden space 230400K, 0% used [0x00000000e0000000,0x00000000e0000000,0x00000000ee100000)
  from space 51712K, 99% used [0x00000000fcd80000,0x00000000ffffa150,0x0000000100000000)
  to   space 146944K, 0% used [0x00000000ee100000,0x00000000ee100000,0x00000000f7080000)
 ParOldGen       total 571904K, used 425528K [0x00000000a0000000, 0x00000000c2e80000, 0x00000000e0000000)
  object space 571904K, 74% used [0x00000000a0000000,0x00000000b9f8e100,0x00000000c2e80000)
 Metaspace       used 112172K, capacity 129591K, committed 129792K, reserved 1163264K
  class space    used 14799K, capacity 15759K, committed 15872K, reserved 1048576K
}
Event: 43.408 GC heap before
{Heap before GC invocations=44 (full 7):
 PSYoungGen      total 282112K, used 282088K [0x00000000e0000000, 0x0000000100000000, 0x0000000100000000)
  eden space 230400K, 100% used [0x00000000e0000000,0x00000000ee100000,0x00000000ee100000)
  from space 51712K, 99% used [0x00000000fcd80000,0x00000000ffffa150,0x0000000100000000)
  to   space 146944K, 0% used [0x00000000ee100000,0x00000000ee100000,0x00000000f7080000)
 ParOldGen       total 571904K, used 425528K [0x00000000a0000000, 0x00000000c2e80000, 0x00000000e0000000)
  object space 571904K, 74% used [0x00000000a0000000,0x00000000b9f8e100,0x00000000c2e80000)
 Metaspace       used 115332K, capacity 133653K, committed 133760K, reserved 1167360K
  class space    used 15217K, capacity 16234K, committed 16256K, reserved 1048576K
Event: 43.531 GC heap after
Heap after GC invocations=44 (full 7):
 PSYoungGen      total 377344K, used 54682K [0x00000000e0000000, 0x0000000100000000, 0x0000000100000000)
  eden space 230400K, 0% used [0x00000000e0000000,0x00000000e0000000,0x00000000ee100000)
  from space 146944K, 37% used [0x00000000ee100000,0x00000000f1666968,0x00000000f7080000)
  to   space 140288K, 0% used [0x00000000f7700000,0x00000000f7700000,0x0000000100000000)
 ParOldGen       total 571904K, used 477234K [0x00000000a0000000, 0x00000000c2e80000, 0x00000000e0000000)
  object space 571904K, 83% used [0x00000000a0000000,0x00000000bd20c8f0,0x00000000c2e80000)
 Metaspace       used 115332K, capacity 133653K, committed 133760K, reserved 1167360K
  class space    used 15217K, capacity 16234K, committed 16256K, reserved 1048576K
}
Event: 43.531 GC heap before
{Heap before GC invocations=45 (full 8):
 PSYoungGen      total 377344K, used 54682K [0x00000000e0000000, 0x0000000100000000, 0x0000000100000000)
  eden space 230400K, 0% used [0x00000000e0000000,0x00000000e0000000,0x00000000ee100000)
  from space 146944K, 37% used [0x00000000ee100000,0x00000000f1666968,0x00000000f7080000)
  to   space 140288K, 0% used [0x00000000f7700000,0x00000000f7700000,0x0000000100000000)
 ParOldGen       total 571904K, used 477234K [0x00000000a0000000, 0x00000000c2e80000, 0x00000000e0000000)
  object space 571904K, 83% used [0x00000000a0000000,0x00000000bd20c8f0,0x00000000c2e80000)
 Metaspace       used 115332K, capacity 133653K, committed 133760K, reserved 1167360K
  class space    used 15217K, capacity 16234K, committed 16256K, reserved 1048576K

