# JRE version: OpenJDK Runtime Environment (8.0_212-b03) (build 1.8.0_212-8u212-b03-0ubuntu1.19.04.2-b03)
# Java VM: OpenJDK 64-Bit Server VM (25.212-b03 mixed mode linux-amd64 compressed oops)
Heap:
 PSYoungGen      total 349696K, used 0K [0x00000000e0000000, 0x0000000100000000, 0x0000000100000000)
  eden space 175104K, 0% used [0x00000000e0000000,0x00000000e0000000,0x00000000eab00000)
  from space 174592K, 0% used [0x00000000eab00000,0x00000000eab00000,0x00000000f5580000)
  to   space 174592K, 0% used [0x00000000f5580000,0x00000000f5580000,0x0000000100000000)
 ParOldGen       total 704000K, used 676625K [0x00000000a0000000, 0x00000000caf80000, 0x00000000e0000000)
  object space 704000K, 96% used [0x00000000a0000000,0x00000000c94c4598,0x00000000caf80000)
 Metaspace       used 169019K, capacity 193553K, committed 193664K, reserved 1220608K
  class space    used 22045K, capacity 23321K, committed 23424K, reserved 1048576K
GC Heap History (10 events):
Event: 162.193 GC heap after
Heap after GC invocations=56 (full 9):
 PSYoungGen      total 349696K, used 13856K [0x00000000e0000000, 0x0000000100000000, 0x0000000100000000)
  eden space 175104K, 0% used [0x00000000e0000000,0x00000000e0000000,0x00000000eab00000)
  from space 174592K, 7% used [0x00000000eab00000,0x00000000eb888000,0x00000000f5580000)
  to   space 174592K, 0% used [0x00000000f5580000,0x00000000f5580000,0x0000000100000000)
 ParOldGen       total 704000K, used 499541K [0x00000000a0000000, 0x00000000caf80000, 0x00000000e0000000)
  object space 704000K, 70% used [0x00000000a0000000,0x00000000be7d5420,0x00000000caf80000)
 Metaspace       used 162655K, capacity 186645K, committed 191616K, reserved 1218560K
  class space    used 21220K, capacity 22469K, committed 22912K, reserved 1048576K
}
Event: 165.207 GC heap before
{Heap before GC invocations=57 (full 9):
 PSYoungGen      total 349696K, used 188960K [0x00000000e0000000, 0x0000000100000000, 0x0000000100000000)
  eden space 175104K, 100% used [0x00000000e0000000,0x00000000eab00000,0x00000000eab00000)
  from space 174592K, 7% used [0x00000000eab00000,0x00000000eb888000,0x00000000f5580000)
  to   space 174592K, 0% used [0x00000000f5580000,0x00000000f5580000,0x0000000100000000)
 ParOldGen       total 704000K, used 499541K [0x00000000a0000000, 0x00000000caf80000, 0x00000000e0000000)
  object space 704000K, 70% used [0x00000000a0000000,0x00000000be7d5420,0x00000000caf80000)
 Metaspace       used 164454K, capacity 188875K, committed 191744K, reserved 1218560K
  class space    used 21483K, capacity 22741K, committed 23040K, reserved 1048576K
Event: 165.276 GC heap after
Heap after GC invocations=57 (full 9):
 PSYoungGen      total 349696K, used 33881K [0x00000000e0000000, 0x0000000100000000, 0x0000000100000000)
  eden space 175104K, 0% used [0x00000000e0000000,0x00000000e0000000,0x00000000eab00000)
  from space 174592K, 19% used [0x00000000f5580000,0x00000000f7696680,0x0000000100000000)
  to   space 174592K, 0% used [0x00000000eab00000,0x00000000eab00000,0x00000000f5580000)
 ParOldGen       total 704000K, used 505685K [0x00000000a0000000, 0x00000000caf80000, 0x00000000e0000000)
  object space 704000K, 71% used [0x00000000a0000000,0x00000000bedd5420,0x00000000caf80000)
 Metaspace       used 164454K, capacity 188875K, committed 191744K, reserved 1218560K
  class space    used 21483K, capacity 22741K, committed 23040K, reserved 1048576K
}
Event: 165.889 GC heap before
{Heap before GC invocations=58 (full 9):
 PSYoungGen      total 349696K, used 208985K [0x00000000e0000000, 0x0000000100000000, 0x0000000100000000)
  eden space 175104K, 100% used [0x00000000e0000000,0x00000000eab00000,0x00000000eab00000)
  from space 174592K, 19% used [0x00000000f5580000,0x00000000f7696680,0x0000000100000000)
  to   space 174592K, 0% used [0x00000000eab00000,0x00000000eab00000,0x00000000f5580000)
 ParOldGen       total 704000K, used 505685K [0x00000000a0000000, 0x00000000caf80000, 0x00000000e0000000)
  object space 704000K, 71% used [0x00000000a0000000,0x00000000bedd5420,0x00000000caf80000)
 Metaspace       used 164584K, capacity 189023K, committed 192000K, reserved 1218560K
  class space    used 21488K, capacity 22746K, committed 23040K, reserved 1048576K
Event: 166.022 GC heap after
Heap after GC invocations=58 (full 9):
 PSYoungGen      total 349696K, used 53184K [0x00000000e0000000, 0x0000000100000000, 0x0000000100000000)
  eden space 175104K, 0% used [0x00000000e0000000,0x00000000e0000000,0x00000000eab00000)
  from space 174592K, 30% used [0x00000000eab00000,0x00000000edef0000,0x00000000f5580000)
  to   space 174592K, 0% used [0x00000000f5580000,0x00000000f5580000,0x0000000100000000)
 ParOldGen       total 704000K, used 539253K [0x00000000a0000000, 0x00000000caf80000, 0x00000000e0000000)
  object space 704000K, 76% used [0x00000000a0000000,0x00000000c0e9d440,0x00000000caf80000)
 Metaspace       used 164584K, capacity 189023K, committed 192000K, reserved 1218560K
  class space    used 21488K, capacity 22746K, committed 23040K, reserved 1048576K
}
Event: 166.598 GC heap before
{Heap before GC invocations=59 (full 9):
 PSYoungGen      total 349696K, used 228288K [0x00000000e0000000, 0x0000000100000000, 0x0000000100000000)
  eden space 175104K, 100% used [0x00000000e0000000,0x00000000eab00000,0x00000000eab00000)
  from space 174592K, 30% used [0x00000000eab00000,0x00000000edef0000,0x00000000f5580000)
  to   space 174592K, 0% used [0x00000000f5580000,0x00000000f5580000,0x0000000100000000)
 ParOldGen       total 704000K, used 539253K [0x00000000a0000000, 0x00000000caf80000, 0x00000000e0000000)
  object space 704000K, 76% used [0x00000000a0000000,0x00000000c0e9d440,0x00000000caf80000)
 Metaspace       used 164601K, capacity 189023K, committed 192000K, reserved 1218560K
  class space    used 21488K, capacity 22746K, committed 23040K, reserved 1048576K
Event: 166.805 GC heap after
Heap after GC invocations=59 (full 9):
 PSYoungGen      total 349696K, used 65440K [0x00000000e0000000, 0x0000000100000000, 0x0000000100000000)
  eden space 175104K, 0% used [0x00000000e0000000,0x00000000e0000000,0x00000000eab00000)
  from space 174592K, 37% used [0x00000000f5580000,0x00000000f9568000,0x0000000100000000)
  to   space 174592K, 0% used [0x00000000eab00000,0x00000000eab00000,0x00000000f5580000)
 ParOldGen       total 704000K, used 592717K [0x00000000a0000000, 0x00000000caf80000, 0x00000000e0000000)
  object space 704000K, 84% used [0x00000000a0000000,0x00000000c42d3450,0x00000000caf80000)
 Metaspace       used 164601K, capacity 189023K, committed 192000K, reserved 1218560K
  class space    used 21488K, capacity 22746K, committed 23040K, reserved 1048576K
}
Event: 170.203 GC heap before
{Heap before GC invocations=60 (full 9):
 PSYoungGen      total 349696K, used 240544K [0x00000000e0000000, 0x0000000100000000, 0x0000000100000000)
  eden space 175104K, 100% used [0x00000000e0000000,0x00000000eab00000,0x00000000eab00000)
  from space 174592K, 37% used [0x00000000f5580000,0x00000000f9568000,0x0000000100000000)
  to   space 174592K, 0% used [0x00000000eab00000,0x00000000eab00000,0x00000000f5580000)
 ParOldGen       total 704000K, used 592717K [0x00000000a0000000, 0x00000000caf80000, 0x00000000e0000000)
  object space 704000K, 84% used [0x00000000a0000000,0x00000000c42d3450,0x00000000caf80000)
 Metaspace       used 169019K, capacity 193553K, committed 193664K, reserved 1220608K
  class space    used 22045K, capacity 23321K, committed 23424K, reserved 1048576K
Event: 170.439 GC heap after
Heap after GC invocations=60 (full 9):
 PSYoungGen      total 349696K, used 23897K [0x00000000e0000000, 0x0000000100000000, 0x0000000100000000)
  eden space 175104K, 0% used [0x00000000e0000000,0x00000000e0000000,0x00000000eab00000)
  from space 174592K, 13% used [0x00000000eab00000,0x00000000ec256630,0x00000000f5580000)
  to   space 174592K, 0% used [0x00000000f5580000,0x00000000f5580000,0x0000000100000000)
 ParOldGen       total 704000K, used 658437K [0x00000000a0000000, 0x00000000caf80000, 0x00000000e0000000)
  object space 704000K, 93% used [0x00000000a0000000,0x00000000c8301450,0x00000000caf80000)
 Metaspace       used 169019K, capacity 193553K, committed 193664K, reserved 1220608K
  class space    used 22045K, capacity 23321K, committed 23424K, reserved 1048576K
}
Event: 170.440 GC heap before
{Heap before GC invocations=61 (full 10):
 PSYoungGen      total 349696K, used 23897K [0x00000000e0000000, 0x0000000100000000, 0x0000000100000000)
  eden space 175104K, 0% used [0x00000000e0000000,0x00000000e0000000,0x00000000eab00000)
  from space 174592K, 13% used [0x00000000eab00000,0x00000000ec256630,0x00000000f5580000)
  to   space 174592K, 0% used [0x00000000f5580000,0x00000000f5580000,0x0000000100000000)
 ParOldGen       total 704000K, used 658437K [0x00000000a0000000, 0x00000000caf80000, 0x00000000e0000000)
  object space 704000K, 93% used [0x00000000a0000000,0x00000000c8301450,0x00000000caf80000)
 Metaspace       used 169019K, capacity 193553K, committed 193664K, reserved 1220608K
  class space    used 22045K, capacity 23321K, committed 23424K, reserved 1048576K

